<?xml version="1.0" encoding="UTF-8"?>
<testng-results skipped="0" failed="0" ignored="0" total="1" passed="1">
  <reporter-output>
  </reporter-output>
  <suite name="Default suite" duration-ms="12672" started-at="2019-12-01T13:05:44 IST" finished-at="2019-12-01T13:05:56 IST">
    <groups>
    </groups>
    <test name="Default test" duration-ms="12672" started-at="2019-12-01T13:05:44 IST" finished-at="2019-12-01T13:05:56 IST">
      <class name="testcases.testcases">
        <test-method status="PASS" signature="test()[pri:0, instance:testcases.testcases@56235b8e]" name="test" duration-ms="12617" started-at="2019-12-01T13:05:44 IST" finished-at="2019-12-01T13:05:56 IST">
          <reporter-output>
          </reporter-output>
        </test-method> <!-- test -->
      </class> <!-- testcases.testcases -->
    </test> <!-- Default test -->
  </suite> <!-- Default suite -->
</testng-results>
